# JRE version: Java(TM) SE Runtime Environment (8.0_111-b14) (build 1.8.0_111-b14)
# Java VM: Java HotSpot(TM) Client VM (25.111-b14 mixed mode windows-x86 )
Heap:
 def new generation   total 50816K, used 17347K [0x04c00000, 0x08320000, 0x0a150000)
  eden space 45184K,  31% used [0x04c00000, 0x05a0f460, 0x07820000)
  from space 5632K,  52% used [0x07da0000, 0x08081a50, 0x08320000)
  to   space 5632K,   0% used [0x07820000, 0x07820000, 0x07da0000)
 tenured generation   total 112736K, used 93940K [0x0a150000, 0x10f68000, 0x14c00000)
   the space 112736K,  83% used [0x0a150000, 0x0fd0d2e8, 0x0fd0d400, 0x10f68000)
 Metaspace       used 17252K, capacity 17577K, committed 17664K, reserved 17792K
GC Heap History (10 events):
Event: 6.512 GC heap before
{Heap before GC invocations=23 (full 4):
 def new generation   total 50816K, used 45184K [0x04c00000, 0x08320000, 0x0a150000)
  eden space 45184K, 100% used [0x04c00000, 0x07820000, 0x07820000)
  from space 5632K,   0% used [0x07820000, 0x07820000, 0x07da0000)
  to   space 5632K,   0% used [0x07da0000, 0x07da0000, 0x08320000)
 tenured generation   total 112736K, used 67639K [0x0a150000, 0x10f68000, 0x14c00000)
   the space 112736K,  59% used [0x0a150000, 0x0e35ded8, 0x0e35e000, 0x10f68000)
 Metaspace       used 15878K, capacity 16171K, committed 16256K, reserved 16768K
Event: 6.536 GC heap after
Heap after GC invocations=24 (full 4):
 def new generation   total 50816K, used 5632K [0x04c00000, 0x08320000, 0x0a150000)
  eden space 45184K,   0% used [0x04c00000, 0x04c00000, 0x07820000)
  from space 5632K, 100% used [0x07da0000, 0x08320000, 0x08320000)
  to   space 5632K,   0% used [0x07820000, 0x07820000, 0x07da0000)
 tenured generation   total 112736K, used 70949K [0x0a150000, 0x10f68000, 0x14c00000)
   the space 112736K,  62% used [0x0a150000, 0x0e699490, 0x0e699600, 0x10f68000)
 Metaspace       used 15878K, capacity 16171K, committed 16256K, reserved 16768K
}
Event: 6.758 GC heap before
{Heap before GC invocations=24 (full 4):
 def new generation   total 50816K, used 50816K [0x04c00000, 0x08320000, 0x0a150000)
  eden space 45184K, 100% used [0x04c00000, 0x07820000, 0x07820000)
  from space 5632K, 100% used [0x07da0000, 0x08320000, 0x08320000)
  to   space 5632K,   0% used [0x07820000, 0x07820000, 0x07da0000)
 tenured generation   total 112736K, used 70949K [0x0a150000, 0x10f68000, 0x14c00000)
   the space 112736K,  62% used [0x0a150000, 0x0e699490, 0x0e699600, 0x10f68000)
 Metaspace       used 15887K, capacity 16203K, committed 16256K, reserved 16768K
Event: 6.787 GC heap after
Heap after GC invocations=25 (full 4):
 def new generation   total 50816K, used 5631K [0x04c00000, 0x08320000, 0x0a150000)
  eden space 45184K,   0% used [0x04c00000, 0x04c00000, 0x07820000)
  from space 5632K,  99% used [0x07820000, 0x07d9fff8, 0x07da0000)
  to   space 5632K,   0% used [0x07da0000, 0x07da0000, 0x08320000)
 tenured generation   total 112736K, used 78671K [0x0a150000, 0x10f68000, 0x14c00000)
   the space 112736K,  69% used [0x0a150000, 0x0ee23fe0, 0x0ee24000, 0x10f68000)
 Metaspace       used 15887K, capacity 16203K, committed 16256K, reserved 16768K
}
Event: 7.071 GC heap before
{Heap before GC invocations=25 (full 4):
 def new generation   total 50816K, used 50815K [0x04c00000, 0x08320000, 0x0a150000)
  eden space 45184K, 100% used [0x04c00000, 0x07820000, 0x07820000)
  from space 5632K,  99% used [0x07820000, 0x07d9fff8, 0x07da0000)
  to   space 5632K,   0% used [0x07da0000, 0x07da0000, 0x08320000)
 tenured generation   total 112736K, used 78671K [0x0a150000, 0x10f68000, 0x14c00000)
   the space 112736K,  69% used [0x0a150000, 0x0ee23fe0, 0x0ee24000, 0x10f68000)
 Metaspace       used 15996K, capacity 16299K, committed 16384K, reserved 16768K
Event: 7.095 GC heap after
Heap after GC invocations=26 (full 4):
 def new generation   total 50816K, used 5632K [0x04c00000, 0x08320000, 0x0a150000)
  eden space 45184K,   0% used [0x04c00000, 0x04c00000, 0x07820000)
  from space 5632K, 100% used [0x07da0000, 0x08320000, 0x08320000)
  to   space 5632K,   0% used [0x07820000, 0x07820000, 0x07da0000)
 tenured generation   total 112736K, used 88437K [0x0a150000, 0x10f68000, 0x14c00000)
   the space 112736K,  78% used [0x0a150000, 0x0f7ad658, 0x0f7ad800, 0x10f68000)
 Metaspace       used 15996K, capacity 16299K, committed 16384K, reserved 16768K
}
Event: 14.371 GC heap before
{Heap before GC invocations=26 (full 4):
 def new generation   total 50816K, used 50816K [0x04c00000, 0x08320000, 0x0a150000)
  eden space 45184K, 100% used [0x04c00000, 0x07820000, 0x07820000)
  from space 5632K, 100% used [0x07da0000, 0x08320000, 0x08320000)
  to   space 5632K,   0% used [0x07820000, 0x07820000, 0x07da0000)
 tenured generation   total 112736K, used 88437K [0x0a150000, 0x10f68000, 0x14c00000)
   the space 112736K,  78% used [0x0a150000, 0x0f7ad658, 0x0f7ad800, 0x10f68000)
 Metaspace       used 16348K, capacity 16703K, committed 16768K, reserved 16768K
Event: 14.383 GC heap after
Heap after GC invocations=27 (full 4):
 def new generation   total 50816K, used 1360K [0x04c00000, 0x08320000, 0x0a150000)
  eden space 45184K,   0% used [0x04c00000, 0x04c00000, 0x07820000)
  from space 5632K,  24% used [0x07820000, 0x07974108, 0x07da0000)
  to   space 5632K,   0% used [0x07da0000, 0x07da0000, 0x08320000)
 tenured generation   total 112736K, used 93940K [0x0a150000, 0x10f68000, 0x14c00000)
   the space 112736K,  83% used [0x0a150000, 0x0fd0d2e8, 0x0fd0d400, 0x10f68000)
 Metaspace       used 16348K, capacity 16703K, committed 16768K, reserved 16768K
}
Event: 897.864 GC heap before
{Heap before GC invocations=27 (full 4):
 def new generation   total 50816K, used 46544K [0x04c00000, 0x08320000, 0x0a150000)
  eden space 45184K, 100% used [0x04c00000, 0x07820000, 0x07820000)
  from space 5632K,  24% used [0x07820000, 0x07974108, 0x07da0000)
  to   space 5632K,   0% used [0x07da0000, 0x07da0000, 0x08320000)
 tenured generation   total 112736K, used 93940K [0x0a150000, 0x10f68000, 0x14c00000)
   the space 112736K,  83% used [0x0a150000, 0x0fd0d2e8, 0x0fd0d400, 0x10f68000)
 Metaspace       used 16502K, capacity 16806K, committed 16896K, reserved 17792K
Event: 897.874 GC heap after
Heap after GC invocations=28 (full 4):
 def new generation   total 50816K, used 2950K [0x04c00000, 0x08320000, 0x0a150000)
  eden space 45184K,   0% used [0x04c00000, 0x04c00000, 0x07820000)
  from space 5632K,  52% used [0x07da0000, 0x08081a50, 0x08320000)
  to   space 5632K,   0% used [0x07820000, 0x07820000, 0x07da0000)
 tenured generation   total 112736K, used 93940K [0x0a150000, 0x10f68000, 0x14c00000)
   the space 112736K,  83% used [0x0a150000, 0x0fd0d2e8, 0x0fd0d400, 0x10f68000)
 Metaspace       used 16502K, capacity 16806K, committed 16896K, reserved 17792K
}

