# JRE version: Java(TM) SE Runtime Environment (8.0_111-b14) (build 1.8.0_111-b14)
# Java VM: Java HotSpot(TM) Client VM (25.111-b14 mixed mode windows-x86 )
Heap:
 def new generation   total 72576K, used 1276K [0x04800000, 0x096c0000, 0x09d50000)
  eden space 64512K,   1% used [0x04800000, 0x0493f3d0, 0x08700000)
  from space 8064K,   0% used [0x08700000, 0x08700000, 0x08ee0000)
  to   space 8064K,   0% used [0x08ee0000, 0x08ee0000, 0x096c0000)
 tenured generation   total 161124K, used 96672K [0x09d50000, 0x13aa9000, 0x14800000)
   the space 161124K,  59% used [0x09d50000, 0x0fbb8210, 0x0fbb8400, 0x13aa9000)
 Metaspace       used 17306K, capacity 17633K, committed 17792K, reserved 17792K
GC Heap History (10 events):
Event: 55566.121 GC heap before
{Heap before GC invocations=35 (full 4):
 def new generation   total 46080K, used 41175K [0x04800000, 0x079f0000, 0x09d50000)
  eden space 41024K, 100% used [0x04800000, 0x07010000, 0x07010000)
  from space 5056K,   2% used [0x07010000, 0x07035d48, 0x07500000)
  to   space 5056K,   0% used [0x07500000, 0x07500000, 0x079f0000)
 tenured generation   total 102200K, used 97645K [0x09d50000, 0x1011e000, 0x14800000)
   the space 102200K,  95% used [0x09d50000, 0x0fcab738, 0x0fcab800, 0x1011e000)
 Metaspace       used 16571K, capacity 16902K, committed 17024K, reserved 17792K
Event: 55566.123 GC heap after
Heap after GC invocations=36 (full 4):
 def new generation   total 46080K, used 206K [0x04800000, 0x079f0000, 0x09d50000)
  eden space 41024K,   0% used [0x04800000, 0x04800000, 0x07010000)
  from space 5056K,   4% used [0x07500000, 0x07533b20, 0x079f0000)
  to   space 5056K,   0% used [0x07010000, 0x07010000, 0x07500000)
 tenured generation   total 102200K, used 97645K [0x09d50000, 0x1011e000, 0x14800000)
   the space 102200K,  95% used [0x09d50000, 0x0fcab738, 0x0fcab800, 0x1011e000)
 Metaspace       used 16571K, capacity 16902K, committed 17024K, reserved 17792K
}
Event: 55766.350 GC heap before
{Heap before GC invocations=36 (full 4):
 def new generation   total 46080K, used 41230K [0x04800000, 0x079f0000, 0x09d50000)
  eden space 41024K, 100% used [0x04800000, 0x07010000, 0x07010000)
  from space 5056K,   4% used [0x07500000, 0x07533b20, 0x079f0000)
  to   space 5056K,   0% used [0x07010000, 0x07010000, 0x07500000)
 tenured generation   total 102200K, used 97645K [0x09d50000, 0x1011e000, 0x14800000)
   the space 102200K,  95% used [0x09d50000, 0x0fcab738, 0x0fcab800, 0x1011e000)
 Metaspace       used 16571K, capacity 16902K, committed 17024K, reserved 17792K
Event: 55766.355 GC heap after
Heap after GC invocations=37 (full 4):
 def new generation   total 46080K, used 122K [0x04800000, 0x079f0000, 0x09d50000)
  eden space 41024K,   0% used [0x04800000, 0x04800000, 0x07010000)
  from space 5056K,   2% used [0x07010000, 0x0702eb38, 0x07500000)
  to   space 5056K,   0% used [0x07500000, 0x07500000, 0x079f0000)
 tenured generation   total 102200K, used 97645K [0x09d50000, 0x1011e000, 0x14800000)
   the space 102200K,  95% used [0x09d50000, 0x0fcab738, 0x0fcab800, 0x1011e000)
 Metaspace       used 16571K, capacity 16902K, committed 17024K, reserved 17792K
}
Event: 55967.965 GC heap before
{Heap before GC invocations=37 (full 4):
 def new generation   total 46080K, used 41146K [0x04800000, 0x079f0000, 0x09d50000)
  eden space 41024K, 100% used [0x04800000, 0x07010000, 0x07010000)
  from space 5056K,   2% used [0x07010000, 0x0702eb38, 0x07500000)
  to   space 5056K,   0% used [0x07500000, 0x07500000, 0x079f0000)
 tenured generation   total 102200K, used 97645K [0x09d50000, 0x1011e000, 0x14800000)
   the space 102200K,  95% used [0x09d50000, 0x0fcab738, 0x0fcab800, 0x1011e000)
 Metaspace       used 16571K, capacity 16902K, committed 17024K, reserved 17792K
Event: 55967.967 GC heap after
Heap after GC invocations=38 (full 4):
 def new generation   total 46080K, used 119K [0x04800000, 0x079f0000, 0x09d50000)
  eden space 41024K,   0% used [0x04800000, 0x04800000, 0x07010000)
  from space 5056K,   2% used [0x07500000, 0x0751df68, 0x079f0000)
  to   space 5056K,   0% used [0x07010000, 0x07010000, 0x07500000)
 tenured generation   total 102200K, used 97645K [0x09d50000, 0x1011e000, 0x14800000)
   the space 102200K,  95% used [0x09d50000, 0x0fcab738, 0x0fcab800, 0x1011e000)
 Metaspace       used 16571K, capacity 16902K, committed 17024K, reserved 17792K
}
Event: 56164.845 GC heap before
{Heap before GC invocations=38 (full 4):
 def new generation   total 46080K, used 41143K [0x04800000, 0x079f0000, 0x09d50000)
  eden space 41024K, 100% used [0x04800000, 0x07010000, 0x07010000)
  from space 5056K,   2% used [0x07500000, 0x0751df68, 0x079f0000)
  to   space 5056K,   0% used [0x07010000, 0x07010000, 0x07500000)
 tenured generation   total 102200K, used 97645K [0x09d50000, 0x1011e000, 0x14800000)
   the space 102200K,  95% used [0x09d50000, 0x0fcab738, 0x0fcab800, 0x1011e000)
 Metaspace       used 16572K, capacity 16902K, committed 17024K, reserved 17792K
Event: 56164.847 GC heap after
Heap after GC invocations=39 (full 4):
 def new generation   total 46080K, used 172K [0x04800000, 0x079f0000, 0x09d50000)
  eden space 41024K,   0% used [0x04800000, 0x04800000, 0x07010000)
  from space 5056K,   3% used [0x07010000, 0x0703b190, 0x07500000)
  to   space 5056K,   0% used [0x07500000, 0x07500000, 0x079f0000)
 tenured generation   total 102200K, used 97645K [0x09d50000, 0x1011e000, 0x14800000)
   the space 102200K,  95% used [0x09d50000, 0x0fcab738, 0x0fcab800, 0x1011e000)
 Metaspace       used 16572K, capacity 16902K, committed 17024K, reserved 17792K
}
Event: 56829.156 GC heap before
{Heap before GC invocations=39 (full 4):
 def new generation   total 46080K, used 22301K [0x04800000, 0x079f0000, 0x09d50000)
  eden space 41024K,  53% used [0x04800000, 0x05d9c628, 0x07010000)
  from space 5056K,   3% used [0x07010000, 0x0703b190, 0x07500000)
  to   space 5056K,   0% used [0x07500000, 0x07500000, 0x079f0000)
 tenured generation   total 102200K, used 97645K [0x09d50000, 0x1011e000, 0x14800000)
   the space 102200K,  95% used [0x09d50000, 0x0fcab738, 0x0fcab800, 0x1011e000)
 Metaspace       used 17262K, capacity 17606K, committed 17664K, reserved 17792K
Event: 56829.559 GC heap after
Heap after GC invocations=40 (full 5):
 def new generation   total 72576K, used 0K [0x04800000, 0x096c0000, 0x09d50000)
  eden space 64512K,   0% used [0x04800000, 0x04800000, 0x08700000)
  from space 8064K,   0% used [0x08700000, 0x08700000, 0x08ee0000)
  to   space 8064K,   0% used [0x08ee0000, 0x08ee0000, 0x096c0000)
 tenured generation   total 161124K, used 96672K [0x09d50000, 0x13aa9000, 0x14800000)
   the space 161124K,  59% used [0x09d50000, 0x0fbb8210, 0x0fbb8400, 0x13aa9000)
 Metaspace       used 17259K, capacity 17601K, committed 17664K, reserved 17792K
}

